<?xml version="1.0" encoding="UTF-8"?>
<testsuite xmlns:xsi="http://www.w3.org/2001/XMLSchema-instance" xsi:noNamespaceSchemaLocation="https://maven.apache.org/surefire/maven-surefire-plugin/xsd/surefire-test-report.xsd" name="com.solarix.camel.ContractTest" time="22.736" tests="1" errors="0" skipped="0" failures="0">
  <properties>
    <property name="sun.desktop" value="windows"/>
    <property name="awt.toolkit" value="sun.awt.windows.WToolkit"/>
    <property name="file.encoding.pkg" value="sun.io"/>
    <property name="java.specification.version" value="1.8"/>
    <property name="sun.cpu.isalist" value="amd64"/>
    <property name="sun.jnu.encoding" value="Cp1252"/>
    <property name="java.class.path" value="C:\Users\pc\IdeaProjects\ActiveMQBlockchain\target\test-classes;C:\Users\pc\IdeaProjects\ActiveMQBlockchain\target\classes;C:\Users\pc\.m2\repository\org\springframework\boot\spring-boot-starter-web\2.4.5\spring-boot-starter-web-2.4.5.jar;C:\Users\pc\.m2\repository\org\springframework\boot\spring-boot-starter\2.4.5\spring-boot-starter-2.4.5.jar;C:\Users\pc\.m2\repository\org\springframework\boot\spring-boot\2.4.5\spring-boot-2.4.5.jar;C:\Users\pc\.m2\repository\org\springframework\boot\spring-boot-starter-logging\2.4.5\spring-boot-starter-logging-2.4.5.jar;C:\Users\pc\.m2\repository\ch\qos\logback\logback-classic\1.2.3\logback-classic-1.2.3.jar;C:\Users\pc\.m2\repository\ch\qos\logback\logback-core\1.2.3\logback-core-1.2.3.jar;C:\Users\pc\.m2\repository\org\apache\logging\log4j\log4j-to-slf4j\2.13.3\log4j-to-slf4j-2.13.3.jar;C:\Users\pc\.m2\repository\org\apache\logging\log4j\log4j-api\2.13.3\log4j-api-2.13.3.jar;C:\Users\pc\.m2\repository\org\slf4j\jul-to-slf4j\1.7.30\jul-to-slf4j-1.7.30.jar;C:\Users\pc\.m2\repository\jakarta\annotation\jakarta.annotation-api\1.3.5\jakarta.annotation-api-1.3.5.jar;C:\Users\pc\.m2\repository\org\yaml\snakeyaml\1.27\snakeyaml-1.27.jar;C:\Users\pc\.m2\repository\org\springframework\boot\spring-boot-starter-json\2.4.5\spring-boot-starter-json-2.4.5.jar;C:\Users\pc\.m2\repository\com\fasterxml\jackson\core\jackson-databind\2.11.4\jackson-databind-2.11.4.jar;C:\Users\pc\.m2\repository\com\fasterxml\jackson\core\jackson-annotations\2.11.4\jackson-annotations-2.11.4.jar;C:\Users\pc\.m2\repository\com\fasterxml\jackson\core\jackson-core\2.11.4\jackson-core-2.11.4.jar;C:\Users\pc\.m2\repository\com\fasterxml\jackson\datatype\jackson-datatype-jdk8\2.11.4\jackson-datatype-jdk8-2.11.4.jar;C:\Users\pc\.m2\repository\com\fasterxml\jackson\datatype\jackson-datatype-jsr310\2.11.4\jackson-datatype-jsr310-2.11.4.jar;C:\Users\pc\.m2\repository\com\fasterxml\jackson\module\jackson-module-parameter-names\2.11.4\jackson-module-parameter-names-2.11.4.jar;C:\Users\pc\.m2\repository\org\springframework\boot\spring-boot-starter-tomcat\2.4.5\spring-boot-starter-tomcat-2.4.5.jar;C:\Users\pc\.m2\repository\org\apache\tomcat\embed\tomcat-embed-core\9.0.45\tomcat-embed-core-9.0.45.jar;C:\Users\pc\.m2\repository\org\glassfish\jakarta.el\3.0.3\jakarta.el-3.0.3.jar;C:\Users\pc\.m2\repository\org\apache\tomcat\embed\tomcat-embed-websocket\9.0.45\tomcat-embed-websocket-9.0.45.jar;C:\Users\pc\.m2\repository\org\springframework\spring-web\5.3.6\spring-web-5.3.6.jar;C:\Users\pc\.m2\repository\org\springframework\spring-beans\5.3.6\spring-beans-5.3.6.jar;C:\Users\pc\.m2\repository\org\springframework\spring-webmvc\5.3.6\spring-webmvc-5.3.6.jar;C:\Users\pc\.m2\repository\org\springframework\spring-aop\5.3.6\spring-aop-5.3.6.jar;C:\Users\pc\.m2\repository\org\springframework\spring-context\5.3.6\spring-context-5.3.6.jar;C:\Users\pc\.m2\repository\org\springframework\spring-expression\5.3.6\spring-expression-5.3.6.jar;C:\Users\pc\.m2\repository\org\apache\camel\springboot\camel-spring-boot-starter\3.9.0\camel-spring-boot-starter-3.9.0.jar;C:\Users\pc\.m2\repository\org\apache\camel\springboot\camel-spring-boot\3.9.0\camel-spring-boot-3.9.0.jar;C:\Users\pc\.m2\repository\org\apache\camel\camel-spring\3.9.0\camel-spring-3.9.0.jar;C:\Users\pc\.m2\repository\org\apache\camel\camel-management-api\3.9.0\camel-management-api-3.9.0.jar;C:\Users\pc\.m2\repository\org\apache\camel\camel-spring-main\3.9.0\camel-spring-main-3.9.0.jar;C:\Users\pc\.m2\repository\org\apache\camel\camel-main\3.9.0\camel-main-3.9.0.jar;C:\Users\pc\.m2\repository\org\apache\camel\camel-base\3.9.0\camel-base-3.9.0.jar;C:\Users\pc\.m2\repository\org\apache\camel\camel-core-languages\3.9.0\camel-core-languages-3.9.0.jar;C:\Users\pc\.m2\repository\org\apache\camel\camel-xml-jaxb-dsl\3.9.0\camel-xml-jaxb-dsl-3.9.0.jar;C:\Users\pc\.m2\repository\org\apache\camel\camel-core-model\3.9.0\camel-core-model-3.9.0.jar;C:\Users\pc\.m2\repository\org\apache\camel\camel-core-processor\3.9.0\camel-core-processor-3.9.0.jar;C:\Users\pc\.m2\repository\org\apache\camel\camel-xml-jaxb\3.9.0\camel-xml-jaxb-3.9.0.jar;C:\Users\pc\.m2\repository\jakarta\xml\bind\jakarta.xml.bind-api\2.3.3\jakarta.xml.bind-api-2.3.3.jar;C:\Users\pc\.m2\repository\jakarta\activation\jakarta.activation-api\1.2.2\jakarta.activation-api-1.2.2.jar;C:\Users\pc\.m2\repository\com\sun\xml\bind\jaxb-core\2.3.0\jaxb-core-2.3.0.jar;C:\Users\pc\.m2\repository\com\sun\xml\bind\jaxb-impl\2.3.3\jaxb-impl-2.3.3.jar;C:\Users\pc\.m2\repository\com\sun\activation\jakarta.activation\1.2.2\jakarta.activation-1.2.2.jar;C:\Users\pc\.m2\repository\org\apache\camel\camel-spring-xml\3.9.0\camel-spring-xml-3.9.0.jar;C:\Users\pc\.m2\repository\org\apache\camel\camel-core-xml\3.9.0\camel-core-xml-3.9.0.jar;C:\Users\pc\.m2\repository\org\apache\camel\camel-cloud\3.9.0\camel-cloud-3.9.0.jar;C:\Users\pc\.m2\repository\org\apache\camel\camel-cluster\3.9.0\camel-cluster-3.9.0.jar;C:\Users\pc\.m2\repository\org\apache\camel\camel-base-engine\3.9.0\camel-base-engine-3.9.0.jar;C:\Users\pc\.m2\repository\org\apache\camel\camel-health\3.9.0\camel-health-3.9.0.jar;C:\Users\pc\.m2\repository\org\apache\camel\springboot\camel-core-starter\3.9.0\camel-core-starter-3.9.0.jar;C:\Users\pc\.m2\repository\org\apache\camel\camel-core-engine\3.9.0\camel-core-engine-3.9.0.jar;C:\Users\pc\.m2\repository\org\apache\camel\camel-api\3.9.0\camel-api-3.9.0.jar;C:\Users\pc\.m2\repository\org\apache\camel\camel-core-reifier\3.9.0\camel-core-reifier-3.9.0.jar;C:\Users\pc\.m2\repository\org\apache\camel\camel-util\3.9.0\camel-util-3.9.0.jar;C:\Users\pc\.m2\repository\org\apache\camel\springboot\camel-bean-starter\3.9.0\camel-bean-starter-3.9.0.jar;C:\Users\pc\.m2\repository\org\apache\camel\camel-bean\3.9.0\camel-bean-3.9.0.jar;C:\Users\pc\.m2\repository\org\apache\camel\springboot\camel-browse-starter\3.9.0\camel-browse-starter-3.9.0.jar;C:\Users\pc\.m2\repository\org\apache\camel\camel-browse\3.9.0\camel-browse-3.9.0.jar;C:\Users\pc\.m2\repository\org\apache\camel\springboot\camel-controlbus-starter\3.9.0\camel-controlbus-starter-3.9.0.jar;C:\Users\pc\.m2\repository\org\apache\camel\camel-controlbus\3.9.0\camel-controlbus-3.9.0.jar;C:\Users\pc\.m2\repository\org\apache\camel\springboot\camel-dataformat-starter\3.9.0\camel-dataformat-starter-3.9.0.jar;C:\Users\pc\.m2\repository\org\apache\camel\camel-dataformat\3.9.0\camel-dataformat-3.9.0.jar;C:\Users\pc\.m2\repository\org\apache\camel\springboot\camel-dataset-starter\3.9.0\camel-dataset-starter-3.9.0.jar;C:\Users\pc\.m2\repository\org\apache\camel\camel-dataset\3.9.0\camel-dataset-3.9.0.jar;C:\Users\pc\.m2\repository\org\apache\camel\springboot\camel-direct-starter\3.9.0\camel-direct-starter-3.9.0.jar;C:\Users\pc\.m2\repository\org\apache\camel\camel-direct\3.9.0\camel-direct-3.9.0.jar;C:\Users\pc\.m2\repository\org\apache\camel\springboot\camel-directvm-starter\3.9.0\camel-directvm-starter-3.9.0.jar;C:\Users\pc\.m2\repository\org\apache\camel\camel-directvm\3.9.0\camel-directvm-3.9.0.jar;C:\Users\pc\.m2\repository\org\apache\camel\springboot\camel-file-starter\3.9.0\camel-file-starter-3.9.0.jar;C:\Users\pc\.m2\repository\org\apache\camel\camel-file\3.9.0\camel-file-3.9.0.jar;C:\Users\pc\.m2\repository\org\apache\camel\springboot\camel-language-starter\3.9.0\camel-language-starter-3.9.0.jar;C:\Users\pc\.m2\repository\org\apache\camel\camel-language\3.9.0\camel-language-3.9.0.jar;C:\Users\pc\.m2\repository\org\apache\camel\springboot\camel-log-starter\3.9.0\camel-log-starter-3.9.0.jar;C:\Users\pc\.m2\repository\org\apache\camel\camel-log\3.9.0\camel-log-3.9.0.jar;C:\Users\pc\.m2\repository\org\apache\camel\springboot\camel-mock-starter\3.9.0\camel-mock-starter-3.9.0.jar;C:\Users\pc\.m2\repository\org\apache\camel\camel-mock\3.9.0\camel-mock-3.9.0.jar;C:\Users\pc\.m2\repository\org\apache\camel\springboot\camel-ref-starter\3.9.0\camel-ref-starter-3.9.0.jar;C:\Users\pc\.m2\repository\org\apache\camel\camel-ref\3.9.0\camel-ref-3.9.0.jar;C:\Users\pc\.m2\repository\org\apache\camel\springboot\camel-rest-starter\3.9.0\camel-rest-starter-3.9.0.jar;C:\Users\pc\.m2\repository\org\apache\camel\camel-rest\3.9.0\camel-rest-3.9.0.jar;C:\Users\pc\.m2\repository\org\apache\camel\camel-tooling-model\3.9.0\camel-tooling-model-3.9.0.jar;C:\Users\pc\.m2\repository\org\apache\camel\camel-util-json\3.9.0\camel-util-json-3.9.0.jar;C:\Users\pc\.m2\repository\org\apache\camel\springboot\camel-saga-starter\3.9.0\camel-saga-starter-3.9.0.jar;C:\Users\pc\.m2\repository\org\apache\camel\camel-saga\3.9.0\camel-saga-3.9.0.jar;C:\Users\pc\.m2\repository\org\apache\camel\springboot\camel-scheduler-starter\3.9.0\camel-scheduler-starter-3.9.0.jar;C:\Users\pc\.m2\repository\org\apache\camel\camel-scheduler\3.9.0\camel-scheduler-3.9.0.jar;C:\Users\pc\.m2\repository\org\apache\camel\springboot\camel-seda-starter\3.9.0\camel-seda-starter-3.9.0.jar;C:\Users\pc\.m2\repository\org\apache\camel\camel-seda\3.9.0\camel-seda-3.9.0.jar;C:\Users\pc\.m2\repository\org\apache\camel\springboot\camel-stub-starter\3.9.0\camel-stub-starter-3.9.0.jar;C:\Users\pc\.m2\repository\org\apache\camel\camel-stub\3.9.0\camel-stub-3.9.0.jar;C:\Users\pc\.m2\repository\org\apache\camel\springboot\camel-timer-starter\3.9.0\camel-timer-starter-3.9.0.jar;C:\Users\pc\.m2\repository\org\apache\camel\camel-timer\3.9.0\camel-timer-3.9.0.jar;C:\Users\pc\.m2\repository\org\apache\camel\springboot\camel-validator-starter\3.9.0\camel-validator-starter-3.9.0.jar;C:\Users\pc\.m2\repository\org\apache\camel\camel-validator\3.9.0\camel-validator-3.9.0.jar;C:\Users\pc\.m2\repository\org\apache\camel\springboot\camel-vm-starter\3.9.0\camel-vm-starter-3.9.0.jar;C:\Users\pc\.m2\repository\org\apache\camel\camel-vm\3.9.0\camel-vm-3.9.0.jar;C:\Users\pc\.m2\repository\org\apache\camel\springboot\camel-xpath-starter\3.9.0\camel-xpath-starter-3.9.0.jar;C:\Users\pc\.m2\repository\org\apache\camel\camel-xpath\3.9.0\camel-xpath-3.9.0.jar;C:\Users\pc\.m2\repository\org\apache\camel\springboot\camel-xslt-starter\3.9.0\camel-xslt-starter-3.9.0.jar;C:\Users\pc\.m2\repository\org\apache\camel\camel-xslt\3.9.0\camel-xslt-3.9.0.jar;C:\Users\pc\.m2\repository\org\apache\camel\springboot\camel-xml-jaxp-starter\3.9.0\camel-xml-jaxp-starter-3.9.0.jar;C:\Users\pc\.m2\repository\org\apache\camel\camel-xml-jaxp\3.9.0\camel-xml-jaxp-3.9.0.jar;C:\Users\pc\.m2\repository\org\apache\camel\springboot\camel-activemq-starter\3.9.0\camel-activemq-starter-3.9.0.jar;C:\Users\pc\.m2\repository\org\apache\camel\camel-activemq\3.9.0\camel-activemq-3.9.0.jar;C:\Users\pc\.m2\repository\org\slf4j\slf4j-api\1.7.30\slf4j-api-1.7.30.jar;C:\Users\pc\.m2\repository\org\apache\activemq\activemq-spring\5.16.1\activemq-spring-5.16.1.jar;C:\Users\pc\.m2\repository\org\apache\xbean\xbean-spring\4.18\xbean-spring-4.18.jar;C:\Users\pc\.m2\repository\org\apache\activemq\activemq-broker\5.16.1\activemq-broker-5.16.1.jar;C:\Users\pc\.m2\repository\org\apache\activemq\activemq-openwire-legacy\5.16.1\activemq-openwire-legacy-5.16.1.jar;C:\Users\pc\.m2\repository\org\apache\geronimo\specs\geronimo-jta_1.1_spec\1.1.1\geronimo-jta_1.1_spec-1.1.1.jar;C:\Users\pc\.m2\repository\org\apache\commons\commons-pool2\2.9.0\commons-pool2-2.9.0.jar;C:\Users\pc\.m2\repository\org\apache\activemq\activemq-pool\5.16.1\activemq-pool-5.16.1.jar;C:\Users\pc\.m2\repository\org\apache\activemq\activemq-jms-pool\5.16.1\activemq-jms-pool-5.16.1.jar;C:\Users\pc\.m2\repository\org\apache\geronimo\specs\geronimo-jms_1.1_spec\1.1.1\geronimo-jms_1.1_spec-1.1.1.jar;C:\Users\pc\.m2\repository\org\apache\activemq\activemq-client\5.16.1\activemq-client-5.16.1.jar;C:\Users\pc\.m2\repository\org\fusesource\hawtbuf\hawtbuf\1.11\hawtbuf-1.11.jar;C:\Users\pc\.m2\repository\org\apache\geronimo\specs\geronimo-j2ee-management_1.1_spec\1.0.1\geronimo-j2ee-management_1.1_spec-1.0.1.jar;C:\Users\pc\.m2\repository\org\apache\camel\camel-jms\3.9.0\camel-jms-3.9.0.jar;C:\Users\pc\.m2\repository\org\apache\camel\camel-support\3.9.0\camel-support-3.9.0.jar;C:\Users\pc\.m2\repository\org\springframework\spring-jms\5.3.6\spring-jms-5.3.6.jar;C:\Users\pc\.m2\repository\org\springframework\spring-messaging\5.3.6\spring-messaging-5.3.6.jar;C:\Users\pc\.m2\repository\org\springframework\spring-tx\5.3.6\spring-tx-5.3.6.jar;C:\Users\pc\.m2\repository\org\apache\geronimo\specs\geronimo-jms_2.0_spec\1.0-alpha-2\geronimo-jms_2.0_spec-1.0-alpha-2.jar;C:\Users\pc\.m2\repository\org\apache\commons\commons-compress\1.21\commons-compress-1.21.jar;C:\Users\pc\.m2\repository\org\web3j\core\3.3.1\core-3.3.1.jar;C:\Users\pc\.m2\repository\org\web3j\abi\3.3.1\abi-3.3.1.jar;C:\Users\pc\.m2\repository\org\web3j\utils\3.3.1\utils-3.3.1.jar;C:\Users\pc\.m2\repository\org\bouncycastle\bcprov-jdk15on\1.54\bcprov-jdk15on-1.54.jar;C:\Users\pc\.m2\repository\org\web3j\crypto\3.3.1\crypto-3.3.1.jar;C:\Users\pc\.m2\repository\org\web3j\rlp\3.3.1\rlp-3.3.1.jar;C:\Users\pc\.m2\repository\org\web3j\tuples\3.3.1\tuples-3.3.1.jar;C:\Users\pc\.m2\repository\com\github\jnr\jnr-unixsocket\0.15\jnr-unixsocket-0.15.jar;C:\Users\pc\.m2\repository\com\github\jnr\jnr-ffi\2.1.2\jnr-ffi-2.1.2.jar;C:\Users\pc\.m2\repository\com\github\jnr\jffi\1.2.14\jffi-1.2.14.jar;C:\Users\pc\.m2\repository\com\github\jnr\jffi\1.2.14\jffi-1.2.14-native.jar;C:\Users\pc\.m2\repository\org\ow2\asm\asm\5.0.3\asm-5.0.3.jar;C:\Users\pc\.m2\repository\org\ow2\asm\asm-commons\5.0.3\asm-commons-5.0.3.jar;C:\Users\pc\.m2\repository\org\ow2\asm\asm-analysis\5.0.3\asm-analysis-5.0.3.jar;C:\Users\pc\.m2\repository\org\ow2\asm\asm-tree\5.0.3\asm-tree-5.0.3.jar;C:\Users\pc\.m2\repository\org\ow2\asm\asm-util\5.0.3\asm-util-5.0.3.jar;C:\Users\pc\.m2\repository\com\github\jnr\jnr-x86asm\1.0.2\jnr-x86asm-1.0.2.jar;C:\Users\pc\.m2\repository\com\github\jnr\jnr-constants\0.9.6\jnr-constants-0.9.6.jar;C:\Users\pc\.m2\repository\com\github\jnr\jnr-enxio\0.14\jnr-enxio-0.14.jar;C:\Users\pc\.m2\repository\com\github\jnr\jnr-posix\3.0.33\jnr-posix-3.0.33.jar;C:\Users\pc\.m2\repository\com\squareup\okhttp3\okhttp\3.14.9\okhttp-3.14.9.jar;C:\Users\pc\.m2\repository\com\squareup\okio\okio\1.17.2\okio-1.17.2.jar;C:\Users\pc\.m2\repository\com\squareup\okhttp3\logging-interceptor\3.14.9\logging-interceptor-3.14.9.jar;C:\Users\pc\.m2\repository\org\web3j\web3j-spring-boot-starter\1.6.0\web3j-spring-boot-starter-1.6.0.jar;C:\Users\pc\.m2\repository\org\springframework\boot\spring-boot-autoconfigure\2.4.5\spring-boot-autoconfigure-2.4.5.jar;C:\Users\pc\.m2\repository\org\springframework\boot\spring-boot-actuator\2.4.5\spring-boot-actuator-2.4.5.jar;C:\Users\pc\.m2\repository\org\springframework\boot\spring-boot-configuration-processor\2.4.5\spring-boot-configuration-processor-2.4.5.jar;C:\Users\pc\.m2\repository\org\springframework\boot\spring-boot-starter-test\2.0.3.RELEASE\spring-boot-starter-test-2.0.3.RELEASE.jar;C:\Users\pc\.m2\repository\org\springframework\boot\spring-boot-test\2.4.5\spring-boot-test-2.4.5.jar;C:\Users\pc\.m2\repository\org\springframework\boot\spring-boot-test-autoconfigure\2.4.5\spring-boot-test-autoconfigure-2.4.5.jar;C:\Users\pc\.m2\repository\com\jayway\jsonpath\json-path\2.4.0\json-path-2.4.0.jar;C:\Users\pc\.m2\repository\net\minidev\json-smart\2.3\json-smart-2.3.jar;C:\Users\pc\.m2\repository\net\minidev\accessors-smart\1.2\accessors-smart-1.2.jar;C:\Users\pc\.m2\repository\junit\junit\4.13.2\junit-4.13.2.jar;C:\Users\pc\.m2\repository\org\assertj\assertj-core\3.18.1\assertj-core-3.18.1.jar;C:\Users\pc\.m2\repository\org\mockito\mockito-core\3.6.28\mockito-core-3.6.28.jar;C:\Users\pc\.m2\repository\net\bytebuddy\byte-buddy\1.10.22\byte-buddy-1.10.22.jar;C:\Users\pc\.m2\repository\net\bytebuddy\byte-buddy-agent\1.10.22\byte-buddy-agent-1.10.22.jar;C:\Users\pc\.m2\repository\org\objenesis\objenesis\3.1\objenesis-3.1.jar;C:\Users\pc\.m2\repository\org\hamcrest\hamcrest-core\2.2\hamcrest-core-2.2.jar;C:\Users\pc\.m2\repository\org\hamcrest\hamcrest\2.2\hamcrest-2.2.jar;C:\Users\pc\.m2\repository\org\hamcrest\hamcrest-library\2.2\hamcrest-library-2.2.jar;C:\Users\pc\.m2\repository\org\skyscreamer\jsonassert\1.5.0\jsonassert-1.5.0.jar;C:\Users\pc\.m2\repository\com\vaadin\external\google\android-json\0.0.20131108.vaadin1\android-json-0.0.20131108.vaadin1.jar;C:\Users\pc\.m2\repository\org\springframework\spring-core\5.3.6\spring-core-5.3.6.jar;C:\Users\pc\.m2\repository\org\springframework\spring-jcl\5.3.6\spring-jcl-5.3.6.jar;C:\Users\pc\.m2\repository\org\springframework\spring-test\5.3.6\spring-test-5.3.6.jar;C:\Users\pc\.m2\repository\org\xmlunit\xmlunit-core\2.7.0\xmlunit-core-2.7.0.jar;C:\Users\pc\.m2\repository\io\reactivex\rxjava\1.3.8\rxjava-1.3.8.jar;"/>
    <property name="java.vm.vendor" value="Oracle Corporation"/>
    <property name="sun.arch.data.model" value="64"/>
    <property name="user.variant" value=""/>
    <property name="java.vendor.url" value="http://java.oracle.com/"/>
    <property name="user.timezone" value="Europe/Paris"/>
    <property name="java.vm.specification.version" value="1.8"/>
    <property name="os.name" value="Windows 11"/>
    <property name="user.country" value="FR"/>
    <property name="sun.java.launcher" value="SUN_STANDARD"/>
    <property name="sun.boot.library.path" value="C:\Program Files\Java\jdk1.8.0_361\jre\bin"/>
    <property name="sun.java.command" value="C:\Users\pc\AppData\Local\Temp\surefire2937995499891227650\surefirebooter8732052966218106551.jar C:\Users\pc\AppData\Local\Temp\surefire2937995499891227650 2023-03-01T10-03-19_437-jvmRun1 surefire7676498952335886966tmp surefire_02589794849144298968tmp"/>
    <property name="surefire.test.class.path" value="C:\Users\pc\IdeaProjects\ActiveMQBlockchain\target\test-classes;C:\Users\pc\IdeaProjects\ActiveMQBlockchain\target\classes;C:\Users\pc\.m2\repository\org\springframework\boot\spring-boot-starter-web\2.4.5\spring-boot-starter-web-2.4.5.jar;C:\Users\pc\.m2\repository\org\springframework\boot\spring-boot-starter\2.4.5\spring-boot-starter-2.4.5.jar;C:\Users\pc\.m2\repository\org\springframework\boot\spring-boot\2.4.5\spring-boot-2.4.5.jar;C:\Users\pc\.m2\repository\org\springframework\boot\spring-boot-starter-logging\2.4.5\spring-boot-starter-logging-2.4.5.jar;C:\Users\pc\.m2\repository\ch\qos\logback\logback-classic\1.2.3\logback-classic-1.2.3.jar;C:\Users\pc\.m2\repository\ch\qos\logback\logback-core\1.2.3\logback-core-1.2.3.jar;C:\Users\pc\.m2\repository\org\apache\logging\log4j\log4j-to-slf4j\2.13.3\log4j-to-slf4j-2.13.3.jar;C:\Users\pc\.m2\repository\org\apache\logging\log4j\log4j-api\2.13.3\log4j-api-2.13.3.jar;C:\Users\pc\.m2\repository\org\slf4j\jul-to-slf4j\1.7.30\jul-to-slf4j-1.7.30.jar;C:\Users\pc\.m2\repository\jakarta\annotation\jakarta.annotation-api\1.3.5\jakarta.annotation-api-1.3.5.jar;C:\Users\pc\.m2\repository\org\yaml\snakeyaml\1.27\snakeyaml-1.27.jar;C:\Users\pc\.m2\repository\org\springframework\boot\spring-boot-starter-json\2.4.5\spring-boot-starter-json-2.4.5.jar;C:\Users\pc\.m2\repository\com\fasterxml\jackson\core\jackson-databind\2.11.4\jackson-databind-2.11.4.jar;C:\Users\pc\.m2\repository\com\fasterxml\jackson\core\jackson-annotations\2.11.4\jackson-annotations-2.11.4.jar;C:\Users\pc\.m2\repository\com\fasterxml\jackson\core\jackson-core\2.11.4\jackson-core-2.11.4.jar;C:\Users\pc\.m2\repository\com\fasterxml\jackson\datatype\jackson-datatype-jdk8\2.11.4\jackson-datatype-jdk8-2.11.4.jar;C:\Users\pc\.m2\repository\com\fasterxml\jackson\datatype\jackson-datatype-jsr310\2.11.4\jackson-datatype-jsr310-2.11.4.jar;C:\Users\pc\.m2\repository\com\fasterxml\jackson\module\jackson-module-parameter-names\2.11.4\jackson-module-parameter-names-2.11.4.jar;C:\Users\pc\.m2\repository\org\springframework\boot\spring-boot-starter-tomcat\2.4.5\spring-boot-starter-tomcat-2.4.5.jar;C:\Users\pc\.m2\repository\org\apache\tomcat\embed\tomcat-embed-core\9.0.45\tomcat-embed-core-9.0.45.jar;C:\Users\pc\.m2\repository\org\glassfish\jakarta.el\3.0.3\jakarta.el-3.0.3.jar;C:\Users\pc\.m2\repository\org\apache\tomcat\embed\tomcat-embed-websocket\9.0.45\tomcat-embed-websocket-9.0.45.jar;C:\Users\pc\.m2\repository\org\springframework\spring-web\5.3.6\spring-web-5.3.6.jar;C:\Users\pc\.m2\repository\org\springframework\spring-beans\5.3.6\spring-beans-5.3.6.jar;C:\Users\pc\.m2\repository\org\springframework\spring-webmvc\5.3.6\spring-webmvc-5.3.6.jar;C:\Users\pc\.m2\repository\org\springframework\spring-aop\5.3.6\spring-aop-5.3.6.jar;C:\Users\pc\.m2\repository\org\springframework\spring-context\5.3.6\spring-context-5.3.6.jar;C:\Users\pc\.m2\repository\org\springframework\spring-expression\5.3.6\spring-expression-5.3.6.jar;C:\Users\pc\.m2\repository\org\apache\camel\springboot\camel-spring-boot-starter\3.9.0\camel-spring-boot-starter-3.9.0.jar;C:\Users\pc\.m2\repository\org\apache\camel\springboot\camel-spring-boot\3.9.0\camel-spring-boot-3.9.0.jar;C:\Users\pc\.m2\repository\org\apache\camel\camel-spring\3.9.0\camel-spring-3.9.0.jar;C:\Users\pc\.m2\repository\org\apache\camel\camel-management-api\3.9.0\camel-management-api-3.9.0.jar;C:\Users\pc\.m2\repository\org\apache\camel\camel-spring-main\3.9.0\camel-spring-main-3.9.0.jar;C:\Users\pc\.m2\repository\org\apache\camel\camel-main\3.9.0\camel-main-3.9.0.jar;C:\Users\pc\.m2\repository\org\apache\camel\camel-base\3.9.0\camel-base-3.9.0.jar;C:\Users\pc\.m2\repository\org\apache\camel\camel-core-languages\3.9.0\camel-core-languages-3.9.0.jar;C:\Users\pc\.m2\repository\org\apache\camel\camel-xml-jaxb-dsl\3.9.0\camel-xml-jaxb-dsl-3.9.0.jar;C:\Users\pc\.m2\repository\org\apache\camel\camel-core-model\3.9.0\camel-core-model-3.9.0.jar;C:\Users\pc\.m2\repository\org\apache\camel\camel-core-processor\3.9.0\camel-core-processor-3.9.0.jar;C:\Users\pc\.m2\repository\org\apache\camel\camel-xml-jaxb\3.9.0\camel-xml-jaxb-3.9.0.jar;C:\Users\pc\.m2\repository\jakarta\xml\bind\jakarta.xml.bind-api\2.3.3\jakarta.xml.bind-api-2.3.3.jar;C:\Users\pc\.m2\repository\jakarta\activation\jakarta.activation-api\1.2.2\jakarta.activation-api-1.2.2.jar;C:\Users\pc\.m2\repository\com\sun\xml\bind\jaxb-core\2.3.0\jaxb-core-2.3.0.jar;C:\Users\pc\.m2\repository\com\sun\xml\bind\jaxb-impl\2.3.3\jaxb-impl-2.3.3.jar;C:\Users\pc\.m2\repository\com\sun\activation\jakarta.activation\1.2.2\jakarta.activation-1.2.2.jar;C:\Users\pc\.m2\repository\org\apache\camel\camel-spring-xml\3.9.0\camel-spring-xml-3.9.0.jar;C:\Users\pc\.m2\repository\org\apache\camel\camel-core-xml\3.9.0\camel-core-xml-3.9.0.jar;C:\Users\pc\.m2\repository\org\apache\camel\camel-cloud\3.9.0\camel-cloud-3.9.0.jar;C:\Users\pc\.m2\repository\org\apache\camel\camel-cluster\3.9.0\camel-cluster-3.9.0.jar;C:\Users\pc\.m2\repository\org\apache\camel\camel-base-engine\3.9.0\camel-base-engine-3.9.0.jar;C:\Users\pc\.m2\repository\org\apache\camel\camel-health\3.9.0\camel-health-3.9.0.jar;C:\Users\pc\.m2\repository\org\apache\camel\springboot\camel-core-starter\3.9.0\camel-core-starter-3.9.0.jar;C:\Users\pc\.m2\repository\org\apache\camel\camel-core-engine\3.9.0\camel-core-engine-3.9.0.jar;C:\Users\pc\.m2\repository\org\apache\camel\camel-api\3.9.0\camel-api-3.9.0.jar;C:\Users\pc\.m2\repository\org\apache\camel\camel-core-reifier\3.9.0\camel-core-reifier-3.9.0.jar;C:\Users\pc\.m2\repository\org\apache\camel\camel-util\3.9.0\camel-util-3.9.0.jar;C:\Users\pc\.m2\repository\org\apache\camel\springboot\camel-bean-starter\3.9.0\camel-bean-starter-3.9.0.jar;C:\Users\pc\.m2\repository\org\apache\camel\camel-bean\3.9.0\camel-bean-3.9.0.jar;C:\Users\pc\.m2\repository\org\apache\camel\springboot\camel-browse-starter\3.9.0\camel-browse-starter-3.9.0.jar;C:\Users\pc\.m2\repository\org\apache\camel\camel-browse\3.9.0\camel-browse-3.9.0.jar;C:\Users\pc\.m2\repository\org\apache\camel\springboot\camel-controlbus-starter\3.9.0\camel-controlbus-starter-3.9.0.jar;C:\Users\pc\.m2\repository\org\apache\camel\camel-controlbus\3.9.0\camel-controlbus-3.9.0.jar;C:\Users\pc\.m2\repository\org\apache\camel\springboot\camel-dataformat-starter\3.9.0\camel-dataformat-starter-3.9.0.jar;C:\Users\pc\.m2\repository\org\apache\camel\camel-dataformat\3.9.0\camel-dataformat-3.9.0.jar;C:\Users\pc\.m2\repository\org\apache\camel\springboot\camel-dataset-starter\3.9.0\camel-dataset-starter-3.9.0.jar;C:\Users\pc\.m2\repository\org\apache\camel\camel-dataset\3.9.0\camel-dataset-3.9.0.jar;C:\Users\pc\.m2\repository\org\apache\camel\springboot\camel-direct-starter\3.9.0\camel-direct-starter-3.9.0.jar;C:\Users\pc\.m2\repository\org\apache\camel\camel-direct\3.9.0\camel-direct-3.9.0.jar;C:\Users\pc\.m2\repository\org\apache\camel\springboot\camel-directvm-starter\3.9.0\camel-directvm-starter-3.9.0.jar;C:\Users\pc\.m2\repository\org\apache\camel\camel-directvm\3.9.0\camel-directvm-3.9.0.jar;C:\Users\pc\.m2\repository\org\apache\camel\springboot\camel-file-starter\3.9.0\camel-file-starter-3.9.0.jar;C:\Users\pc\.m2\repository\org\apache\camel\camel-file\3.9.0\camel-file-3.9.0.jar;C:\Users\pc\.m2\repository\org\apache\camel\springboot\camel-language-starter\3.9.0\camel-language-starter-3.9.0.jar;C:\Users\pc\.m2\repository\org\apache\camel\camel-language\3.9.0\camel-language-3.9.0.jar;C:\Users\pc\.m2\repository\org\apache\camel\springboot\camel-log-starter\3.9.0\camel-log-starter-3.9.0.jar;C:\Users\pc\.m2\repository\org\apache\camel\camel-log\3.9.0\camel-log-3.9.0.jar;C:\Users\pc\.m2\repository\org\apache\camel\springboot\camel-mock-starter\3.9.0\camel-mock-starter-3.9.0.jar;C:\Users\pc\.m2\repository\org\apache\camel\camel-mock\3.9.0\camel-mock-3.9.0.jar;C:\Users\pc\.m2\repository\org\apache\camel\springboot\camel-ref-starter\3.9.0\camel-ref-starter-3.9.0.jar;C:\Users\pc\.m2\repository\org\apache\camel\camel-ref\3.9.0\camel-ref-3.9.0.jar;C:\Users\pc\.m2\repository\org\apache\camel\springboot\camel-rest-starter\3.9.0\camel-rest-starter-3.9.0.jar;C:\Users\pc\.m2\repository\org\apache\camel\camel-rest\3.9.0\camel-rest-3.9.0.jar;C:\Users\pc\.m2\repository\org\apache\camel\camel-tooling-model\3.9.0\camel-tooling-model-3.9.0.jar;C:\Users\pc\.m2\repository\org\apache\camel\camel-util-json\3.9.0\camel-util-json-3.9.0.jar;C:\Users\pc\.m2\repository\org\apache\camel\springboot\camel-saga-starter\3.9.0\camel-saga-starter-3.9.0.jar;C:\Users\pc\.m2\repository\org\apache\camel\camel-saga\3.9.0\camel-saga-3.9.0.jar;C:\Users\pc\.m2\repository\org\apache\camel\springboot\camel-scheduler-starter\3.9.0\camel-scheduler-starter-3.9.0.jar;C:\Users\pc\.m2\repository\org\apache\camel\camel-scheduler\3.9.0\camel-scheduler-3.9.0.jar;C:\Users\pc\.m2\repository\org\apache\camel\springboot\camel-seda-starter\3.9.0\camel-seda-starter-3.9.0.jar;C:\Users\pc\.m2\repository\org\apache\camel\camel-seda\3.9.0\camel-seda-3.9.0.jar;C:\Users\pc\.m2\repository\org\apache\camel\springboot\camel-stub-starter\3.9.0\camel-stub-starter-3.9.0.jar;C:\Users\pc\.m2\repository\org\apache\camel\camel-stub\3.9.0\camel-stub-3.9.0.jar;C:\Users\pc\.m2\repository\org\apache\camel\springboot\camel-timer-starter\3.9.0\camel-timer-starter-3.9.0.jar;C:\Users\pc\.m2\repository\org\apache\camel\camel-timer\3.9.0\camel-timer-3.9.0.jar;C:\Users\pc\.m2\repository\org\apache\camel\springboot\camel-validator-starter\3.9.0\camel-validator-starter-3.9.0.jar;C:\Users\pc\.m2\repository\org\apache\camel\camel-validator\3.9.0\camel-validator-3.9.0.jar;C:\Users\pc\.m2\repository\org\apache\camel\springboot\camel-vm-starter\3.9.0\camel-vm-starter-3.9.0.jar;C:\Users\pc\.m2\repository\org\apache\camel\camel-vm\3.9.0\camel-vm-3.9.0.jar;C:\Users\pc\.m2\repository\org\apache\camel\springboot\camel-xpath-starter\3.9.0\camel-xpath-starter-3.9.0.jar;C:\Users\pc\.m2\repository\org\apache\camel\camel-xpath\3.9.0\camel-xpath-3.9.0.jar;C:\Users\pc\.m2\repository\org\apache\camel\springboot\camel-xslt-starter\3.9.0\camel-xslt-starter-3.9.0.jar;C:\Users\pc\.m2\repository\org\apache\camel\camel-xslt\3.9.0\camel-xslt-3.9.0.jar;C:\Users\pc\.m2\repository\org\apache\camel\springboot\camel-xml-jaxp-starter\3.9.0\camel-xml-jaxp-starter-3.9.0.jar;C:\Users\pc\.m2\repository\org\apache\camel\camel-xml-jaxp\3.9.0\camel-xml-jaxp-3.9.0.jar;C:\Users\pc\.m2\repository\org\apache\camel\springboot\camel-activemq-starter\3.9.0\camel-activemq-starter-3.9.0.jar;C:\Users\pc\.m2\repository\org\apache\camel\camel-activemq\3.9.0\camel-activemq-3.9.0.jar;C:\Users\pc\.m2\repository\org\slf4j\slf4j-api\1.7.30\slf4j-api-1.7.30.jar;C:\Users\pc\.m2\repository\org\apache\activemq\activemq-spring\5.16.1\activemq-spring-5.16.1.jar;C:\Users\pc\.m2\repository\org\apache\xbean\xbean-spring\4.18\xbean-spring-4.18.jar;C:\Users\pc\.m2\repository\org\apache\activemq\activemq-broker\5.16.1\activemq-broker-5.16.1.jar;C:\Users\pc\.m2\repository\org\apache\activemq\activemq-openwire-legacy\5.16.1\activemq-openwire-legacy-5.16.1.jar;C:\Users\pc\.m2\repository\org\apache\geronimo\specs\geronimo-jta_1.1_spec\1.1.1\geronimo-jta_1.1_spec-1.1.1.jar;C:\Users\pc\.m2\repository\org\apache\commons\commons-pool2\2.9.0\commons-pool2-2.9.0.jar;C:\Users\pc\.m2\repository\org\apache\activemq\activemq-pool\5.16.1\activemq-pool-5.16.1.jar;C:\Users\pc\.m2\repository\org\apache\activemq\activemq-jms-pool\5.16.1\activemq-jms-pool-5.16.1.jar;C:\Users\pc\.m2\repository\org\apache\geronimo\specs\geronimo-jms_1.1_spec\1.1.1\geronimo-jms_1.1_spec-1.1.1.jar;C:\Users\pc\.m2\repository\org\apache\activemq\activemq-client\5.16.1\activemq-client-5.16.1.jar;C:\Users\pc\.m2\repository\org\fusesource\hawtbuf\hawtbuf\1.11\hawtbuf-1.11.jar;C:\Users\pc\.m2\repository\org\apache\geronimo\specs\geronimo-j2ee-management_1.1_spec\1.0.1\geronimo-j2ee-management_1.1_spec-1.0.1.jar;C:\Users\pc\.m2\repository\org\apache\camel\camel-jms\3.9.0\camel-jms-3.9.0.jar;C:\Users\pc\.m2\repository\org\apache\camel\camel-support\3.9.0\camel-support-3.9.0.jar;C:\Users\pc\.m2\repository\org\springframework\spring-jms\5.3.6\spring-jms-5.3.6.jar;C:\Users\pc\.m2\repository\org\springframework\spring-messaging\5.3.6\spring-messaging-5.3.6.jar;C:\Users\pc\.m2\repository\org\springframework\spring-tx\5.3.6\spring-tx-5.3.6.jar;C:\Users\pc\.m2\repository\org\apache\geronimo\specs\geronimo-jms_2.0_spec\1.0-alpha-2\geronimo-jms_2.0_spec-1.0-alpha-2.jar;C:\Users\pc\.m2\repository\org\apache\commons\commons-compress\1.21\commons-compress-1.21.jar;C:\Users\pc\.m2\repository\org\web3j\core\3.3.1\core-3.3.1.jar;C:\Users\pc\.m2\repository\org\web3j\abi\3.3.1\abi-3.3.1.jar;C:\Users\pc\.m2\repository\org\web3j\utils\3.3.1\utils-3.3.1.jar;C:\Users\pc\.m2\repository\org\bouncycastle\bcprov-jdk15on\1.54\bcprov-jdk15on-1.54.jar;C:\Users\pc\.m2\repository\org\web3j\crypto\3.3.1\crypto-3.3.1.jar;C:\Users\pc\.m2\repository\org\web3j\rlp\3.3.1\rlp-3.3.1.jar;C:\Users\pc\.m2\repository\org\web3j\tuples\3.3.1\tuples-3.3.1.jar;C:\Users\pc\.m2\repository\com\github\jnr\jnr-unixsocket\0.15\jnr-unixsocket-0.15.jar;C:\Users\pc\.m2\repository\com\github\jnr\jnr-ffi\2.1.2\jnr-ffi-2.1.2.jar;C:\Users\pc\.m2\repository\com\github\jnr\jffi\1.2.14\jffi-1.2.14.jar;C:\Users\pc\.m2\repository\com\github\jnr\jffi\1.2.14\jffi-1.2.14-native.jar;C:\Users\pc\.m2\repository\org\ow2\asm\asm\5.0.3\asm-5.0.3.jar;C:\Users\pc\.m2\repository\org\ow2\asm\asm-commons\5.0.3\asm-commons-5.0.3.jar;C:\Users\pc\.m2\repository\org\ow2\asm\asm-analysis\5.0.3\asm-analysis-5.0.3.jar;C:\Users\pc\.m2\repository\org\ow2\asm\asm-tree\5.0.3\asm-tree-5.0.3.jar;C:\Users\pc\.m2\repository\org\ow2\asm\asm-util\5.0.3\asm-util-5.0.3.jar;C:\Users\pc\.m2\repository\com\github\jnr\jnr-x86asm\1.0.2\jnr-x86asm-1.0.2.jar;C:\Users\pc\.m2\repository\com\github\jnr\jnr-constants\0.9.6\jnr-constants-0.9.6.jar;C:\Users\pc\.m2\repository\com\github\jnr\jnr-enxio\0.14\jnr-enxio-0.14.jar;C:\Users\pc\.m2\repository\com\github\jnr\jnr-posix\3.0.33\jnr-posix-3.0.33.jar;C:\Users\pc\.m2\repository\com\squareup\okhttp3\okhttp\3.14.9\okhttp-3.14.9.jar;C:\Users\pc\.m2\repository\com\squareup\okio\okio\1.17.2\okio-1.17.2.jar;C:\Users\pc\.m2\repository\com\squareup\okhttp3\logging-interceptor\3.14.9\logging-interceptor-3.14.9.jar;C:\Users\pc\.m2\repository\org\web3j\web3j-spring-boot-starter\1.6.0\web3j-spring-boot-starter-1.6.0.jar;C:\Users\pc\.m2\repository\org\springframework\boot\spring-boot-autoconfigure\2.4.5\spring-boot-autoconfigure-2.4.5.jar;C:\Users\pc\.m2\repository\org\springframework\boot\spring-boot-actuator\2.4.5\spring-boot-actuator-2.4.5.jar;C:\Users\pc\.m2\repository\org\springframework\boot\spring-boot-configuration-processor\2.4.5\spring-boot-configuration-processor-2.4.5.jar;C:\Users\pc\.m2\repository\org\springframework\boot\spring-boot-starter-test\2.0.3.RELEASE\spring-boot-starter-test-2.0.3.RELEASE.jar;C:\Users\pc\.m2\repository\org\springframework\boot\spring-boot-test\2.4.5\spring-boot-test-2.4.5.jar;C:\Users\pc\.m2\repository\org\springframework\boot\spring-boot-test-autoconfigure\2.4.5\spring-boot-test-autoconfigure-2.4.5.jar;C:\Users\pc\.m2\repository\com\jayway\jsonpath\json-path\2.4.0\json-path-2.4.0.jar;C:\Users\pc\.m2\repository\net\minidev\json-smart\2.3\json-smart-2.3.jar;C:\Users\pc\.m2\repository\net\minidev\accessors-smart\1.2\accessors-smart-1.2.jar;C:\Users\pc\.m2\repository\junit\junit\4.13.2\junit-4.13.2.jar;C:\Users\pc\.m2\repository\org\assertj\assertj-core\3.18.1\assertj-core-3.18.1.jar;C:\Users\pc\.m2\repository\org\mockito\mockito-core\3.6.28\mockito-core-3.6.28.jar;C:\Users\pc\.m2\repository\net\bytebuddy\byte-buddy\1.10.22\byte-buddy-1.10.22.jar;C:\Users\pc\.m2\repository\net\bytebuddy\byte-buddy-agent\1.10.22\byte-buddy-agent-1.10.22.jar;C:\Users\pc\.m2\repository\org\objenesis\objenesis\3.1\objenesis-3.1.jar;C:\Users\pc\.m2\repository\org\hamcrest\hamcrest-core\2.2\hamcrest-core-2.2.jar;C:\Users\pc\.m2\repository\org\hamcrest\hamcrest\2.2\hamcrest-2.2.jar;C:\Users\pc\.m2\repository\org\hamcrest\hamcrest-library\2.2\hamcrest-library-2.2.jar;C:\Users\pc\.m2\repository\org\skyscreamer\jsonassert\1.5.0\jsonassert-1.5.0.jar;C:\Users\pc\.m2\repository\com\vaadin\external\google\android-json\0.0.20131108.vaadin1\android-json-0.0.20131108.vaadin1.jar;C:\Users\pc\.m2\repository\org\springframework\spring-core\5.3.6\spring-core-5.3.6.jar;C:\Users\pc\.m2\repository\org\springframework\spring-jcl\5.3.6\spring-jcl-5.3.6.jar;C:\Users\pc\.m2\repository\org\springframework\spring-test\5.3.6\spring-test-5.3.6.jar;C:\Users\pc\.m2\repository\org\xmlunit\xmlunit-core\2.7.0\xmlunit-core-2.7.0.jar;C:\Users\pc\.m2\repository\io\reactivex\rxjava\1.3.8\rxjava-1.3.8.jar;"/>
    <property name="sun.cpu.endian" value="little"/>
    <property name="user.home" value="C:\Users\pc"/>
    <property name="user.language" value="fr"/>
    <property name="java.specification.vendor" value="Oracle Corporation"/>
    <property name="java.home" value="C:\Program Files\Java\jdk1.8.0_361\jre"/>
    <property name="basedir" value="C:\Users\pc\IdeaProjects\ActiveMQBlockchain"/>
    <property name="file.separator" value="\"/>
    <property name="line.separator" value="&#10;"/>
    <property name="java.vm.specification.vendor" value="Oracle Corporation"/>
    <property name="java.specification.name" value="Java Platform API Specification"/>
    <property name="java.awt.graphicsenv" value="sun.awt.Win32GraphicsEnvironment"/>
    <property name="surefire.real.class.path" value="C:\Users\pc\AppData\Local\Temp\surefire2937995499891227650\surefirebooter8732052966218106551.jar"/>
    <property name="sun.boot.class.path" value="C:\Program Files\Java\jdk1.8.0_361\jre\lib\resources.jar;C:\Program Files\Java\jdk1.8.0_361\jre\lib\rt.jar;C:\Program Files\Java\jdk1.8.0_361\jre\lib\jsse.jar;C:\Program Files\Java\jdk1.8.0_361\jre\lib\jce.jar;C:\Program Files\Java\jdk1.8.0_361\jre\lib\charsets.jar;C:\Program Files\Java\jdk1.8.0_361\jre\lib\jfr.jar;C:\Program Files\Java\jdk1.8.0_361\jre\classes"/>
    <property name="user.script" value=""/>
    <property name="sun.management.compiler" value="HotSpot 64-Bit Tiered Compilers"/>
    <property name="java.runtime.version" value="1.8.0_361-b09"/>
    <property name="user.name" value="pc"/>
    <property name="path.separator" value=";"/>
    <property name="os.version" value="10.0"/>
    <property name="java.endorsed.dirs" value="C:\Program Files\Java\jdk1.8.0_361\jre\lib\endorsed"/>
    <property name="java.runtime.name" value="Java(TM) SE Runtime Environment"/>
    <property name="file.encoding" value="Cp1252"/>
    <property name="java.vm.name" value="Java HotSpot(TM) 64-Bit Server VM"/>
    <property name="localRepository" value="C:\Users\pc\.m2\repository"/>
    <property name="java.vendor.url.bug" value="http://bugreport.sun.com/bugreport/"/>
    <property name="java.io.tmpdir" value="C:\Users\pc\AppData\Local\Temp\"/>
    <property name="java.version" value="1.8.0_361"/>
    <property name="user.dir" value="C:\Users\pc\IdeaProjects\ActiveMQBlockchain"/>
    <property name="os.arch" value="amd64"/>
    <property name="java.vm.specification.name" value="Java Virtual Machine Specification"/>
    <property name="java.awt.printerjob" value="sun.awt.windows.WPrinterJob"/>
    <property name="sun.os.patch.level" value=""/>
    <property name="java.library.path" value="C:\Program Files\Java\jdk1.8.0_361\jre\bin;C:\WINDOWS\Sun\Java\bin;C:\WINDOWS\system32;C:\WINDOWS;D:\Program Files (x86)\VMware\VMware Workstation\bin\;C:\Program Files\Common Files\Oracle\Java\javapath;C:\Program Files (x86)\Common Files\Oracle\Java\javapath;C:\Program Files\Microsoft\jdk-11.0.12.7-hotspot\bin;C:\WINDOWS\system32;C:\WINDOWS;C:\WINDOWS\System32\Wbem;C:\WINDOWS\System32\WindowsPowerShell\v1.0\;C:\WINDOWS\System32\OpenSSH\;C:\Program Files\dotnet\;C:\cygwin64\bin;C:\Program Files\CMake\bin;C:\Program Files\Microsoft SQL Server\130\Tools\Binn\;C:\Program Files\Microsoft SQL Server\150\Tools\Binn\;C:\WINDOWS\system32;C:\WINDOWS;C:\WINDOWS\System32\Wbem;C:\WINDOWS\System32\WindowsPowerShell\v1.0\;C:\WINDOWS\System32\OpenSSH\;C:\Program Files\nodejs\;C:\ProgramData\chocolatey\bin;C:\Program Files\PuTTY\;C:\Users\pc\PycharmProjects\osintScraping\elasticsearch-8.6.1\bin;C:\Program Files\PowerShell\7\;C:\Program Files\Git\cmd;D:\apache-maven-3.9.0;;C:\Program Files\Docker\Docker\resources\bin;C:\Users\pc\AppData\Local\Programs\Python\Python311\Scripts\;C:\Users\pc\AppData\Local\Programs\Python\Python311\;C:\Users\pc\AppData\Local\Microsoft\WindowsApps;C:\Program Files\JetBrains\CLion 2022.1.3\bin;C:\Users\pc\.dotnet\tools;C:\Program Files\JetBrains\IntelliJ IDEA 2022.2\bin;C:\Program Files\JetBrains\JetBrains Rider 2022.1.2\bin;C:\Users\pc\AppData\Roaming\npm;C:\Program Files\JetBrains\PyCharm 2022.3\bin;C:\Users\pc\AppData\Local\JetBrains\Toolbox\scripts;D:\apache-maven-3.9.0\bin;;."/>
    <property name="java.vm.info" value="mixed mode"/>
    <property name="java.vendor" value="Oracle Corporation"/>
    <property name="java.vm.version" value="25.361-b09"/>
    <property name="java.specification.maintenance.version" value="4"/>
    <property name="java.ext.dirs" value="C:\Program Files\Java\jdk1.8.0_361\jre\lib\ext;C:\WINDOWS\Sun\Java\lib\ext"/>
    <property name="sun.io.unicode.encoding" value="UnicodeLittle"/>
    <property name="java.class.version" value="52.0"/>
  </properties>
  <testcase name="testTransactionFeeContract" classname="com.solarix.camel.ContractTest" time="4.325"/>
</testsuite>